

Started GET "/" for 127.0.0.1 at 2020-03-18 18:34:29 -0400

ActiveRecord::PendingMigrationError (

Migrations are pending. To resolve this issue, run:

	bin/rake db:migrate RAILS_ENV=development

):
  activerecord (4.1.0) lib/active_record/migration.rb:389:in `check_pending!'
  activerecord (4.1.0) lib/active_record/migration.rb:377:in `call'
  actionpack (4.1.0) lib/action_dispatch/middleware/callbacks.rb:29:in `block in call'
  activesupport (4.1.0) lib/active_support/callbacks.rb:82:in `run_callbacks'
  actionpack (4.1.0) lib/action_dispatch/middleware/callbacks.rb:27:in `call'
  actionpack (4.1.0) lib/action_dispatch/middleware/reloader.rb:73:in `call'
  actionpack (4.1.0) lib/action_dispatch/middleware/remote_ip.rb:76:in `call'
  actionpack (4.1.0) lib/action_dispatch/middleware/debug_exceptions.rb:17:in `call'
  actionpack (4.1.0) lib/action_dispatch/middleware/show_exceptions.rb:30:in `call'
  railties (4.1.0) lib/rails/rack/logger.rb:38:in `call_app'
  railties (4.1.0) lib/rails/rack/logger.rb:20:in `block in call'
  activesupport (4.1.0) lib/active_support/tagged_logging.rb:68:in `block in tagged'
  activesupport (4.1.0) lib/active_support/tagged_logging.rb:26:in `tagged'
  activesupport (4.1.0) lib/active_support/tagged_logging.rb:68:in `tagged'
  railties (4.1.0) lib/rails/rack/logger.rb:20:in `call'
  actionpack (4.1.0) lib/action_dispatch/middleware/request_id.rb:21:in `call'
  rack (1.5.5) lib/rack/methodoverride.rb:21:in `call'
  rack (1.5.5) lib/rack/runtime.rb:17:in `call'
  activesupport (4.1.0) lib/active_support/cache/strategy/local_cache_middleware.rb:26:in `call'
  rack (1.5.5) lib/rack/lock.rb:17:in `call'
  actionpack (4.1.0) lib/action_dispatch/middleware/static.rb:64:in `call'
  rack (1.5.5) lib/rack/sendfile.rb:112:in `call'
  railties (4.1.0) lib/rails/engine.rb:514:in `call'
  railties (4.1.0) lib/rails/application.rb:144:in `call'
  rack (1.5.5) lib/rack/lock.rb:17:in `call'
  rack (1.5.5) lib/rack/content_length.rb:14:in `call'
  rack (1.5.5) lib/rack/handler/webrick.rb:60:in `service'
  /Users/christopherzevallos/.rbenv/versions/2.3.8/lib/ruby/2.3.0/webrick/httpserver.rb:140:in `service'
  /Users/christopherzevallos/.rbenv/versions/2.3.8/lib/ruby/2.3.0/webrick/httpserver.rb:96:in `run'
  /Users/christopherzevallos/.rbenv/versions/2.3.8/lib/ruby/2.3.0/webrick/server.rb:314:in `block in start_thread'


  Rendered /Users/christopherzevallos/.rbenv/versions/2.3.8/lib/ruby/gems/2.3.0/gems/actionpack-4.1.0/lib/action_dispatch/middleware/templates/rescues/_source.erb (0.9ms)
  Rendered /Users/christopherzevallos/.rbenv/versions/2.3.8/lib/ruby/gems/2.3.0/gems/actionpack-4.1.0/lib/action_dispatch/middleware/templates/rescues/_trace.html.erb (3.2ms)
  Rendered /Users/christopherzevallos/.rbenv/versions/2.3.8/lib/ruby/gems/2.3.0/gems/actionpack-4.1.0/lib/action_dispatch/middleware/templates/rescues/_request_and_response.html.erb (0.9ms)
  Rendered /Users/christopherzevallos/.rbenv/versions/2.3.8/lib/ruby/gems/2.3.0/gems/actionpack-4.1.0/lib/action_dispatch/middleware/templates/rescues/diagnostics.erb within rescues/layout (136.6ms)
  [1m[36m (1.8ms)[0m  [1mCREATE TABLE "schema_migrations" ("version" varchar(255) NOT NULL) [0m
  [1m[35m (0.1ms)[0m  select sqlite_version(*)
  [1m[36m (1.0ms)[0m  [1mCREATE UNIQUE INDEX "unique_schema_migrations" ON "schema_migrations" ("version")[0m
  [1m[35mActiveRecord::SchemaMigration Load (0.1ms)[0m  SELECT "schema_migrations".* FROM "schema_migrations"
Migrating to CreateContacts (20150929203930)
  [1m[36m (0.1ms)[0m  [1mbegin transaction[0m
  [1m[35m (0.5ms)[0m  CREATE TABLE "contacts" ("id" INTEGER PRIMARY KEY AUTOINCREMENT NOT NULL, "name" varchar(255), "email" varchar(255), "comments" text, "created_at" datetime, "updated_at" datetime) 
  [1m[36mSQL (0.3ms)[0m  [1mINSERT INTO "schema_migrations" ("version") VALUES (?)[0m  [["version", "20150929203930"]]
  [1m[35m (1.2ms)[0m  commit transaction
Migrating to DeviseCreateUsers (20151013200507)
  [1m[36m (0.1ms)[0m  [1mbegin transaction[0m
  [1m[35m (0.7ms)[0m  CREATE TABLE "users" ("id" INTEGER PRIMARY KEY AUTOINCREMENT NOT NULL, "email" varchar(255) DEFAULT '' NOT NULL, "encrypted_password" varchar(255) DEFAULT '' NOT NULL, "reset_password_token" varchar(255), "reset_password_sent_at" datetime, "remember_created_at" datetime, "sign_in_count" integer DEFAULT 0 NOT NULL, "current_sign_in_at" datetime, "last_sign_in_at" datetime, "current_sign_in_ip" varchar(255), "last_sign_in_ip" varchar(255), "created_at" datetime, "updated_at" datetime) 
  [1m[36m (0.2ms)[0m  [1mCREATE UNIQUE INDEX "index_users_on_email" ON "users" ("email")[0m
  [1m[35m (0.1ms)[0m              SELECT sql
            FROM sqlite_master
            WHERE name='index_users_on_email' AND type='index'
            UNION ALL
            SELECT sql
            FROM sqlite_temp_master
            WHERE name='index_users_on_email' AND type='index'

  [1m[36m (0.2ms)[0m  [1mCREATE UNIQUE INDEX "index_users_on_reset_password_token" ON "users" ("reset_password_token")[0m
  [1m[35mSQL (0.3ms)[0m  INSERT INTO "schema_migrations" ("version") VALUES (?)  [["version", "20151013200507"]]
  [1m[36m (1.2ms)[0m  [1mcommit transaction[0m
Migrating to CreatePlans (20151013212527)
  [1m[35m (0.1ms)[0m  begin transaction
  [1m[36m (0.6ms)[0m  [1mCREATE TABLE "plans" ("id" INTEGER PRIMARY KEY AUTOINCREMENT NOT NULL, "name" varchar(255), "price" decimal, "created_at" datetime, "updated_at" datetime) [0m
  [1m[35mSQL (0.2ms)[0m  INSERT INTO "schema_migrations" ("version") VALUES (?)  [["version", "20151013212527"]]
  [1m[36m (1.2ms)[0m  [1mcommit transaction[0m
Migrating to AddPlanToUser (20151013215941)
  [1m[35m (0.1ms)[0m  begin transaction
  [1m[36m (0.6ms)[0m  [1mALTER TABLE "users" ADD "plan_id" integer[0m
  [1m[35mSQL (0.1ms)[0m  INSERT INTO "schema_migrations" ("version") VALUES (?)  [["version", "20151013215941"]]
  [1m[36m (1.0ms)[0m  [1mcommit transaction[0m
Migrating to AddStripeCustomerTokenToUsers (20151015163157)
  [1m[35m (0.1ms)[0m  begin transaction
  [1m[36m (0.9ms)[0m  [1mALTER TABLE "users" ADD "stripe_customer_token" varchar(255)[0m
  [1m[35mSQL (0.3ms)[0m  INSERT INTO "schema_migrations" ("version") VALUES (?)  [["version", "20151015163157"]]
  [1m[36m (1.0ms)[0m  [1mcommit transaction[0m
Migrating to CreateProfiles (20151015183949)
  [1m[35m (0.1ms)[0m  begin transaction
  [1m[36m (0.5ms)[0m  [1mCREATE TABLE "profiles" ("id" INTEGER PRIMARY KEY AUTOINCREMENT NOT NULL, "user_id" integer, "first_name" varchar(255), "last_name" varchar(255), "job_title" varchar(255), "phone_number" varchar(255), "contact_email" varchar(255), "description" text, "created_at" datetime, "updated_at" datetime) [0m
  [1m[35mSQL (0.2ms)[0m  INSERT INTO "schema_migrations" ("version") VALUES (?)  [["version", "20151015183949"]]
  [1m[36m (1.1ms)[0m  [1mcommit transaction[0m
Migrating to AddAttachmentAvatarToProfiles (20151021232100)
  [1m[35m (0.1ms)[0m  begin transaction
  [1m[36m (0.7ms)[0m  [1mALTER TABLE "profiles" ADD "avatar_file_name" varchar(255)[0m
  [1m[35m (0.3ms)[0m  ALTER TABLE "profiles" ADD "avatar_content_type" varchar(255)
  [1m[36m (0.2ms)[0m  [1mALTER TABLE "profiles" ADD "avatar_file_size" integer[0m
  [1m[35m (0.2ms)[0m  ALTER TABLE "profiles" ADD "avatar_updated_at" datetime
  [1m[36mSQL (0.2ms)[0m  [1mINSERT INTO "schema_migrations" ("version") VALUES (?)[0m  [["version", "20151021232100"]]
  [1m[35m (0.9ms)[0m  commit transaction
  [1m[36mActiveRecord::SchemaMigration Load (0.1ms)[0m  [1mSELECT "schema_migrations".* FROM "schema_migrations"[0m
  [1m[35m (0.1ms)[0m              SELECT sql
            FROM sqlite_master
            WHERE name='index_users_on_reset_password_token' AND type='index'
            UNION ALL
            SELECT sql
            FROM sqlite_temp_master
            WHERE name='index_users_on_reset_password_token' AND type='index'

  [1m[36m (0.1ms)[0m  [1m            SELECT sql
            FROM sqlite_master
            WHERE name='index_users_on_email' AND type='index'
            UNION ALL
            SELECT sql
            FROM sqlite_temp_master
            WHERE name='index_users_on_email' AND type='index'
[0m


Started GET "/" for 127.0.0.1 at 2020-03-18 18:35:15 -0400
  [1m[36mActiveRecord::SchemaMigration Load (0.3ms)[0m  [1mSELECT "schema_migrations".* FROM "schema_migrations"[0m
Processing by PagesController#home as HTML
  [1m[35mPlan Load (0.2ms)[0m  SELECT  "plans".* FROM "plans"  WHERE "plans"."id" = ? LIMIT 1  [["id", 1]]
Completed 404 Not Found in 22ms

ActiveRecord::RecordNotFound (Couldn't find Plan with 'id'=1):
  app/controllers/pages_controller.rb:3:in `home'


  Rendered /Users/christopherzevallos/.rbenv/versions/2.3.8/lib/ruby/gems/2.3.0/gems/actionpack-4.1.0/lib/action_dispatch/middleware/templates/rescues/_source.erb (0.7ms)
  Rendered /Users/christopherzevallos/.rbenv/versions/2.3.8/lib/ruby/gems/2.3.0/gems/actionpack-4.1.0/lib/action_dispatch/middleware/templates/rescues/_trace.html.erb (1.0ms)
  Rendered /Users/christopherzevallos/.rbenv/versions/2.3.8/lib/ruby/gems/2.3.0/gems/actionpack-4.1.0/lib/action_dispatch/middleware/templates/rescues/_request_and_response.html.erb (18.1ms)
  Rendered /Users/christopherzevallos/.rbenv/versions/2.3.8/lib/ruby/gems/2.3.0/gems/actionpack-4.1.0/lib/action_dispatch/middleware/templates/rescues/diagnostics.erb within rescues/layout (127.5ms)
  [1m[36m (1.8ms)[0m  [1mCREATE TABLE "schema_migrations" ("version" varchar(255) NOT NULL) [0m
  [1m[35m (0.1ms)[0m  select sqlite_version(*)
  [1m[36m (1.2ms)[0m  [1mCREATE UNIQUE INDEX "unique_schema_migrations" ON "schema_migrations" ("version")[0m
  [1m[35mActiveRecord::SchemaMigration Load (0.1ms)[0m  SELECT "schema_migrations".* FROM "schema_migrations"
Migrating to CreateContacts (20150929203930)
  [1m[36m (0.0ms)[0m  [1mbegin transaction[0m
  [1m[35m (0.3ms)[0m  CREATE TABLE "contacts" ("id" INTEGER PRIMARY KEY AUTOINCREMENT NOT NULL, "name" varchar(255), "email" varchar(255), "comments" text, "created_at" datetime, "updated_at" datetime) 
  [1m[36mSQL (0.1ms)[0m  [1mINSERT INTO "schema_migrations" ("version") VALUES (?)[0m  [["version", "20150929203930"]]
  [1m[35m (1.0ms)[0m  commit transaction
Migrating to DeviseCreateUsers (20151013200507)
  [1m[36m (0.0ms)[0m  [1mbegin transaction[0m
  [1m[35m (0.4ms)[0m  CREATE TABLE "users" ("id" INTEGER PRIMARY KEY AUTOINCREMENT NOT NULL, "email" varchar(255) DEFAULT '' NOT NULL, "encrypted_password" varchar(255) DEFAULT '' NOT NULL, "reset_password_token" varchar(255), "reset_password_sent_at" datetime, "remember_created_at" datetime, "sign_in_count" integer DEFAULT 0 NOT NULL, "current_sign_in_at" datetime, "last_sign_in_at" datetime, "current_sign_in_ip" varchar(255), "last_sign_in_ip" varchar(255), "created_at" datetime, "updated_at" datetime) 
  [1m[36m (0.1ms)[0m  [1mCREATE UNIQUE INDEX "index_users_on_email" ON "users" ("email")[0m
  [1m[35m (0.1ms)[0m              SELECT sql
            FROM sqlite_master
            WHERE name='index_users_on_email' AND type='index'
            UNION ALL
            SELECT sql
            FROM sqlite_temp_master
            WHERE name='index_users_on_email' AND type='index'

  [1m[36m (0.1ms)[0m  [1mCREATE UNIQUE INDEX "index_users_on_reset_password_token" ON "users" ("reset_password_token")[0m
  [1m[35mSQL (0.1ms)[0m  INSERT INTO "schema_migrations" ("version") VALUES (?)  [["version", "20151013200507"]]
  [1m[36m (0.9ms)[0m  [1mcommit transaction[0m
Migrating to CreatePlans (20151013212527)
  [1m[35m (0.0ms)[0m  begin transaction
  [1m[36m (0.3ms)[0m  [1mCREATE TABLE "plans" ("id" INTEGER PRIMARY KEY AUTOINCREMENT NOT NULL, "name" varchar(255), "price" decimal, "created_at" datetime, "updated_at" datetime) [0m
  [1m[35mSQL (0.1ms)[0m  INSERT INTO "schema_migrations" ("version") VALUES (?)  [["version", "20151013212527"]]
  [1m[36m (1.0ms)[0m  [1mcommit transaction[0m
Migrating to AddPlanToUser (20151013215941)
  [1m[35m (0.1ms)[0m  begin transaction
  [1m[36m (0.4ms)[0m  [1mALTER TABLE "users" ADD "plan_id" integer[0m
  [1m[35mSQL (0.1ms)[0m  INSERT INTO "schema_migrations" ("version") VALUES (?)  [["version", "20151013215941"]]
  [1m[36m (0.8ms)[0m  [1mcommit transaction[0m
Migrating to AddStripeCustomerTokenToUsers (20151015163157)
  [1m[35m (0.0ms)[0m  begin transaction
  [1m[36m (0.4ms)[0m  [1mALTER TABLE "users" ADD "stripe_customer_token" varchar(255)[0m
  [1m[35mSQL (0.1ms)[0m  INSERT INTO "schema_migrations" ("version") VALUES (?)  [["version", "20151015163157"]]
  [1m[36m (0.8ms)[0m  [1mcommit transaction[0m
Migrating to CreateProfiles (20151015183949)
  [1m[35m (0.0ms)[0m  begin transaction
  [1m[36m (0.3ms)[0m  [1mCREATE TABLE "profiles" ("id" INTEGER PRIMARY KEY AUTOINCREMENT NOT NULL, "user_id" integer, "first_name" varchar(255), "last_name" varchar(255), "job_title" varchar(255), "phone_number" varchar(255), "contact_email" varchar(255), "description" text, "created_at" datetime, "updated_at" datetime) [0m
  [1m[35mSQL (0.1ms)[0m  INSERT INTO "schema_migrations" ("version") VALUES (?)  [["version", "20151015183949"]]
  [1m[36m (1.0ms)[0m  [1mcommit transaction[0m
Migrating to AddAttachmentAvatarToProfiles (20151021232100)
  [1m[35m (0.0ms)[0m  begin transaction
  [1m[36m (0.4ms)[0m  [1mALTER TABLE "profiles" ADD "avatar_file_name" varchar(255)[0m
  [1m[35m (0.2ms)[0m  ALTER TABLE "profiles" ADD "avatar_content_type" varchar(255)
  [1m[36m (0.2ms)[0m  [1mALTER TABLE "profiles" ADD "avatar_file_size" integer[0m
  [1m[35m (0.2ms)[0m  ALTER TABLE "profiles" ADD "avatar_updated_at" datetime
  [1m[36mSQL (0.1ms)[0m  [1mINSERT INTO "schema_migrations" ("version") VALUES (?)[0m  [["version", "20151021232100"]]
  [1m[35m (0.7ms)[0m  commit transaction
  [1m[36mActiveRecord::SchemaMigration Load (0.1ms)[0m  [1mSELECT "schema_migrations".* FROM "schema_migrations"[0m
  [1m[35m (0.1ms)[0m              SELECT sql
            FROM sqlite_master
            WHERE name='index_users_on_reset_password_token' AND type='index'
            UNION ALL
            SELECT sql
            FROM sqlite_temp_master
            WHERE name='index_users_on_reset_password_token' AND type='index'

  [1m[36m (0.1ms)[0m  [1m            SELECT sql
            FROM sqlite_master
            WHERE name='index_users_on_email' AND type='index'
            UNION ALL
            SELECT sql
            FROM sqlite_temp_master
            WHERE name='index_users_on_email' AND type='index'
[0m


Started GET "/" for 127.0.0.1 at 2020-03-18 18:41:05 -0400
  [1m[36mActiveRecord::SchemaMigration Load (0.1ms)[0m  [1mSELECT "schema_migrations".* FROM "schema_migrations"[0m
Processing by PagesController#home as HTML
  [1m[35mPlan Load (0.2ms)[0m  SELECT  "plans".* FROM "plans"  WHERE "plans"."id" = ? LIMIT 1  [["id", 1]]
Completed 404 Not Found in 14ms

ActiveRecord::RecordNotFound (Couldn't find Plan with 'id'=1):
  app/controllers/pages_controller.rb:3:in `home'


  Rendered /Users/christopherzevallos/.rbenv/versions/2.3.8/lib/ruby/gems/2.3.0/gems/actionpack-4.1.0/lib/action_dispatch/middleware/templates/rescues/_source.erb (0.7ms)
  Rendered /Users/christopherzevallos/.rbenv/versions/2.3.8/lib/ruby/gems/2.3.0/gems/actionpack-4.1.0/lib/action_dispatch/middleware/templates/rescues/_trace.html.erb (1.0ms)
  Rendered /Users/christopherzevallos/.rbenv/versions/2.3.8/lib/ruby/gems/2.3.0/gems/actionpack-4.1.0/lib/action_dispatch/middleware/templates/rescues/_request_and_response.html.erb (11.9ms)
  Rendered /Users/christopherzevallos/.rbenv/versions/2.3.8/lib/ruby/gems/2.3.0/gems/actionpack-4.1.0/lib/action_dispatch/middleware/templates/rescues/diagnostics.erb within rescues/layout (124.4ms)
  [1m[36m (2.1ms)[0m  [1mDROP TABLE "contacts"[0m
  [1m[35m (1.1ms)[0m  CREATE TABLE "contacts" ("id" INTEGER PRIMARY KEY AUTOINCREMENT NOT NULL, "name" varchar(255), "email" varchar(255), "comments" text, "created_at" datetime, "updated_at" datetime) 
  [1m[36m (1.0ms)[0m  [1mDROP TABLE "plans"[0m
  [1m[35m (1.1ms)[0m  CREATE TABLE "plans" ("id" INTEGER PRIMARY KEY AUTOINCREMENT NOT NULL, "name" varchar(255), "price" decimal, "created_at" datetime, "updated_at" datetime) 
  [1m[36m (1.0ms)[0m  [1mDROP TABLE "profiles"[0m
  [1m[35m (1.1ms)[0m  CREATE TABLE "profiles" ("id" INTEGER PRIMARY KEY AUTOINCREMENT NOT NULL, "user_id" integer, "first_name" varchar(255), "last_name" varchar(255), "job_title" varchar(255), "phone_number" varchar(255), "contact_email" varchar(255), "description" text, "created_at" datetime, "updated_at" datetime, "avatar_file_name" varchar(255), "avatar_content_type" varchar(255), "avatar_file_size" integer, "avatar_updated_at" datetime) 
  [1m[36m (2.0ms)[0m  [1mDROP TABLE "users"[0m
  [1m[35m (1.1ms)[0m  CREATE TABLE "users" ("id" INTEGER PRIMARY KEY AUTOINCREMENT NOT NULL, "email" varchar(255) DEFAULT '' NOT NULL, "encrypted_password" varchar(255) DEFAULT '' NOT NULL, "reset_password_token" varchar(255), "reset_password_sent_at" datetime, "remember_created_at" datetime, "sign_in_count" integer DEFAULT 0 NOT NULL, "current_sign_in_at" datetime, "last_sign_in_at" datetime, "current_sign_in_ip" varchar(255), "last_sign_in_ip" varchar(255), "created_at" datetime, "updated_at" datetime, "plan_id" integer, "stripe_customer_token" varchar(255)) 
  [1m[36m (0.1ms)[0m  [1mselect sqlite_version(*)[0m
  [1m[35m (0.9ms)[0m  CREATE UNIQUE INDEX "index_users_on_email" ON "users" ("email")
  [1m[36m (0.1ms)[0m  [1m            SELECT sql
            FROM sqlite_master
            WHERE name='index_users_on_email' AND type='index'
            UNION ALL
            SELECT sql
            FROM sqlite_temp_master
            WHERE name='index_users_on_email' AND type='index'
[0m
  [1m[35m (1.0ms)[0m  CREATE UNIQUE INDEX "index_users_on_reset_password_token" ON "users" ("reset_password_token")
  [1m[36m (0.1ms)[0m  [1mSELECT version FROM "schema_migrations"[0m
  [1m[35mActiveRecord::SchemaMigration Load (0.1ms)[0m  SELECT "schema_migrations".* FROM "schema_migrations"


Started GET "/" for 127.0.0.1 at 2020-03-18 18:42:26 -0400
  [1m[36mActiveRecord::SchemaMigration Load (0.1ms)[0m  [1mSELECT "schema_migrations".* FROM "schema_migrations"[0m
Processing by PagesController#home as HTML
  [1m[35mPlan Load (0.2ms)[0m  SELECT  "plans".* FROM "plans"  WHERE "plans"."id" = ? LIMIT 1  [["id", 1]]
Completed 404 Not Found in 10ms

ActiveRecord::RecordNotFound (Couldn't find Plan with 'id'=1):
  app/controllers/pages_controller.rb:3:in `home'


  Rendered /Users/christopherzevallos/.rbenv/versions/2.3.8/lib/ruby/gems/2.3.0/gems/actionpack-4.1.0/lib/action_dispatch/middleware/templates/rescues/_source.erb (0.8ms)
  Rendered /Users/christopherzevallos/.rbenv/versions/2.3.8/lib/ruby/gems/2.3.0/gems/actionpack-4.1.0/lib/action_dispatch/middleware/templates/rescues/_trace.html.erb (0.9ms)
  Rendered /Users/christopherzevallos/.rbenv/versions/2.3.8/lib/ruby/gems/2.3.0/gems/actionpack-4.1.0/lib/action_dispatch/middleware/templates/rescues/_request_and_response.html.erb (11.0ms)
  Rendered /Users/christopherzevallos/.rbenv/versions/2.3.8/lib/ruby/gems/2.3.0/gems/actionpack-4.1.0/lib/action_dispatch/middleware/templates/rescues/diagnostics.erb within rescues/layout (106.4ms)


Started GET "/" for 127.0.0.1 at 2020-03-18 18:42:28 -0400
Processing by PagesController#home as HTML
  [1m[36mPlan Load (0.1ms)[0m  [1mSELECT  "plans".* FROM "plans"  WHERE "plans"."id" = ? LIMIT 1[0m  [["id", 1]]
Completed 404 Not Found in 1ms

ActiveRecord::RecordNotFound (Couldn't find Plan with 'id'=1):
  app/controllers/pages_controller.rb:3:in `home'


  Rendered /Users/christopherzevallos/.rbenv/versions/2.3.8/lib/ruby/gems/2.3.0/gems/actionpack-4.1.0/lib/action_dispatch/middleware/templates/rescues/_source.erb (1.0ms)
  Rendered /Users/christopherzevallos/.rbenv/versions/2.3.8/lib/ruby/gems/2.3.0/gems/actionpack-4.1.0/lib/action_dispatch/middleware/templates/rescues/_trace.html.erb (1.1ms)
  Rendered /Users/christopherzevallos/.rbenv/versions/2.3.8/lib/ruby/gems/2.3.0/gems/actionpack-4.1.0/lib/action_dispatch/middleware/templates/rescues/_request_and_response.html.erb (2.3ms)
  Rendered /Users/christopherzevallos/.rbenv/versions/2.3.8/lib/ruby/gems/2.3.0/gems/actionpack-4.1.0/lib/action_dispatch/middleware/templates/rescues/diagnostics.erb within rescues/layout (96.6ms)
  [1m[36m (1.7ms)[0m  [1mCREATE TABLE "contacts" ("id" INTEGER PRIMARY KEY AUTOINCREMENT NOT NULL, "name" varchar(255), "email" varchar(255), "comments" text, "created_at" datetime, "updated_at" datetime) [0m
  [1m[35m (1.6ms)[0m  CREATE TABLE "plans" ("id" INTEGER PRIMARY KEY AUTOINCREMENT NOT NULL, "name" varchar(255), "price" decimal, "created_at" datetime, "updated_at" datetime) 
  [1m[36m (1.5ms)[0m  [1mCREATE TABLE "profiles" ("id" INTEGER PRIMARY KEY AUTOINCREMENT NOT NULL, "user_id" integer, "first_name" varchar(255), "last_name" varchar(255), "job_title" varchar(255), "phone_number" varchar(255), "contact_email" varchar(255), "description" text, "created_at" datetime, "updated_at" datetime, "avatar_file_name" varchar(255), "avatar_content_type" varchar(255), "avatar_file_size" integer, "avatar_updated_at" datetime) [0m
  [1m[35m (1.5ms)[0m  CREATE TABLE "users" ("id" INTEGER PRIMARY KEY AUTOINCREMENT NOT NULL, "email" varchar(255) DEFAULT '' NOT NULL, "encrypted_password" varchar(255) DEFAULT '' NOT NULL, "reset_password_token" varchar(255), "reset_password_sent_at" datetime, "remember_created_at" datetime, "sign_in_count" integer DEFAULT 0 NOT NULL, "current_sign_in_at" datetime, "last_sign_in_at" datetime, "current_sign_in_ip" varchar(255), "last_sign_in_ip" varchar(255), "created_at" datetime, "updated_at" datetime, "plan_id" integer, "stripe_customer_token" varchar(255)) 
  [1m[36m (0.1ms)[0m  [1mselect sqlite_version(*)[0m
  [1m[35m (1.6ms)[0m  CREATE UNIQUE INDEX "index_users_on_email" ON "users" ("email")
  [1m[36m (0.1ms)[0m  [1m            SELECT sql
            FROM sqlite_master
            WHERE name='index_users_on_email' AND type='index'
            UNION ALL
            SELECT sql
            FROM sqlite_temp_master
            WHERE name='index_users_on_email' AND type='index'
[0m
  [1m[35m (1.2ms)[0m  CREATE UNIQUE INDEX "index_users_on_reset_password_token" ON "users" ("reset_password_token")
  [1m[36m (1.4ms)[0m  [1mCREATE TABLE "schema_migrations" ("version" varchar(255) NOT NULL) [0m
  [1m[35m (1.3ms)[0m  CREATE UNIQUE INDEX "unique_schema_migrations" ON "schema_migrations" ("version")
  [1m[36m (0.1ms)[0m  [1mSELECT version FROM "schema_migrations"[0m
  [1m[35m (1.2ms)[0m  INSERT INTO "schema_migrations" (version) VALUES ('20151021232100')
  [1m[36m (1.2ms)[0m  [1mINSERT INTO "schema_migrations" (version) VALUES ('20150929203930')[0m
  [1m[35m (1.2ms)[0m  INSERT INTO "schema_migrations" (version) VALUES ('20151013212527')
  [1m[36m (1.2ms)[0m  [1mINSERT INTO "schema_migrations" (version) VALUES ('20151015183949')[0m
  [1m[35m (1.1ms)[0m  INSERT INTO "schema_migrations" (version) VALUES ('20151015163157')
  [1m[36m (1.2ms)[0m  [1mINSERT INTO "schema_migrations" (version) VALUES ('20151013200507')[0m
  [1m[35m (1.1ms)[0m  INSERT INTO "schema_migrations" (version) VALUES ('20151013215941')
  [1m[36mActiveRecord::SchemaMigration Load (0.1ms)[0m  [1mSELECT "schema_migrations".* FROM "schema_migrations"[0m


Started GET "/" for 127.0.0.1 at 2020-03-18 18:43:57 -0400
  [1m[36mActiveRecord::SchemaMigration Load (0.1ms)[0m  [1mSELECT "schema_migrations".* FROM "schema_migrations"[0m
Processing by PagesController#home as HTML
  [1m[35mPlan Load (0.4ms)[0m  SELECT  "plans".* FROM "plans"  WHERE "plans"."id" = ? LIMIT 1  [["id", 1]]
Completed 404 Not Found in 12ms

ActiveRecord::RecordNotFound (Couldn't find Plan with 'id'=1):
  app/controllers/pages_controller.rb:3:in `home'


  Rendered /Users/christopherzevallos/.rbenv/versions/2.3.8/lib/ruby/gems/2.3.0/gems/actionpack-4.1.0/lib/action_dispatch/middleware/templates/rescues/_source.erb (0.6ms)
  Rendered /Users/christopherzevallos/.rbenv/versions/2.3.8/lib/ruby/gems/2.3.0/gems/actionpack-4.1.0/lib/action_dispatch/middleware/templates/rescues/_trace.html.erb (1.0ms)
  Rendered /Users/christopherzevallos/.rbenv/versions/2.3.8/lib/ruby/gems/2.3.0/gems/actionpack-4.1.0/lib/action_dispatch/middleware/templates/rescues/_request_and_response.html.erb (11.7ms)
  Rendered /Users/christopherzevallos/.rbenv/versions/2.3.8/lib/ruby/gems/2.3.0/gems/actionpack-4.1.0/lib/action_dispatch/middleware/templates/rescues/diagnostics.erb within rescues/layout (118.9ms)
  [1m[36mActiveRecord::SchemaMigration Load (0.1ms)[0m  [1mSELECT "schema_migrations".* FROM "schema_migrations"[0m
  [1m[35m (0.0ms)[0m  begin transaction
  [1m[36mSQL (0.9ms)[0m  [1mINSERT INTO "plans" ("created_at", "name", "price", "updated_at") VALUES (?, ?, ?, ?)[0m  [["created_at", "2020-03-18 22:45:58.778465"], ["name", "basic"], ["price", 0.0], ["updated_at", "2020-03-18 22:45:58.778465"]]
  [1m[35m (0.9ms)[0m  commit transaction
  [1m[36m (0.0ms)[0m  [1mbegin transaction[0m
  [1m[35mSQL (0.3ms)[0m  INSERT INTO "plans" ("created_at", "name", "price", "updated_at") VALUES (?, ?, ?, ?)  [["created_at", "2020-03-18 22:45:58.783332"], ["name", "pro"], ["price", 10.0], ["updated_at", "2020-03-18 22:45:58.783332"]]
  [1m[36m (0.8ms)[0m  [1mcommit transaction[0m


Started GET "/" for 127.0.0.1 at 2020-03-18 18:46:07 -0400
  [1m[36mActiveRecord::SchemaMigration Load (0.1ms)[0m  [1mSELECT "schema_migrations".* FROM "schema_migrations"[0m
Processing by PagesController#home as HTML
  [1m[35mPlan Load (0.1ms)[0m  SELECT  "plans".* FROM "plans"  WHERE "plans"."id" = ? LIMIT 1  [["id", 1]]
  [1m[36mPlan Load (0.1ms)[0m  [1mSELECT  "plans".* FROM "plans"  WHERE "plans"."id" = ? LIMIT 1[0m  [["id", 2]]
  Rendered pages/home.html.erb within layouts/application (16.1ms)
Completed 200 OK in 4862ms (Views: 4850.7ms | ActiveRecord: 0.5ms)


Started GET "/" for 127.0.0.1 at 2020-03-18 18:46:12 -0400
Processing by PagesController#home as HTML
  [1m[35mPlan Load (0.1ms)[0m  SELECT  "plans".* FROM "plans"  WHERE "plans"."id" = ? LIMIT 1  [["id", 1]]
  [1m[36mPlan Load (0.1ms)[0m  [1mSELECT  "plans".* FROM "plans"  WHERE "plans"."id" = ? LIMIT 1[0m  [["id", 2]]
  Rendered pages/home.html.erb within layouts/application (0.8ms)
Completed 200 OK in 129ms (Views: 127.8ms | ActiveRecord: 0.3ms)


Started GET "/assets/custom.css?body=1" for 127.0.0.1 at 2020-03-18 18:46:12 -0400


Started GET "/assets/pages.css?body=1" for 127.0.0.1 at 2020-03-18 18:46:12 -0400


Started GET "/assets/users.css?body=1" for 127.0.0.1 at 2020-03-18 18:46:12 -0400


Started GET "/assets/jquery.js?body=1" for 127.0.0.1 at 2020-03-18 18:46:12 -0400


Started GET "/assets/application.css?body=1" for 127.0.0.1 at 2020-03-18 18:46:12 -0400


Started GET "/assets/jquery_ujs.js?body=1" for 127.0.0.1 at 2020-03-18 18:46:12 -0400


Started GET "/assets/bootstrap/affix.js?body=1" for 127.0.0.1 at 2020-03-18 18:46:12 -0400


Started GET "/assets/bootstrap/alert.js?body=1" for 127.0.0.1 at 2020-03-18 18:46:12 -0400


Started GET "/assets/bootstrap/button.js?body=1" for 127.0.0.1 at 2020-03-18 18:46:12 -0400


Started GET "/assets/bootstrap/carousel.js?body=1" for 127.0.0.1 at 2020-03-18 18:46:12 -0400


Started GET "/assets/bootstrap/collapse.js?body=1" for 127.0.0.1 at 2020-03-18 18:46:12 -0400


Started GET "/assets/bootstrap/dropdown.js?body=1" for 127.0.0.1 at 2020-03-18 18:46:12 -0400


Started GET "/assets/bootstrap/tab.js?body=1" for 127.0.0.1 at 2020-03-18 18:46:12 -0400


Started GET "/assets/bootstrap/transition.js?body=1" for 127.0.0.1 at 2020-03-18 18:46:12 -0400


Started GET "/assets/bootstrap/scrollspy.js?body=1" for 127.0.0.1 at 2020-03-18 18:46:12 -0400


Started GET "/assets/bootstrap/modal.js?body=1" for 127.0.0.1 at 2020-03-18 18:46:12 -0400


Started GET "/assets/bootstrap/tooltip.js?body=1" for 127.0.0.1 at 2020-03-18 18:46:12 -0400


Started GET "/assets/bootstrap/popover.js?body=1" for 127.0.0.1 at 2020-03-18 18:46:12 -0400


Started GET "/assets/bootstrap-sprockets.js?body=1" for 127.0.0.1 at 2020-03-18 18:46:12 -0400


Started GET "/assets/pages.js?body=1" for 127.0.0.1 at 2020-03-18 18:46:12 -0400


Started GET "/assets/users.js?body=1" for 127.0.0.1 at 2020-03-18 18:46:12 -0400


Started GET "/assets/application.js?body=1" for 127.0.0.1 at 2020-03-18 18:46:12 -0400


Started GET "/assets/font-awesome/fontawesome-webfont.woff" for 127.0.0.1 at 2020-03-18 18:46:12 -0400
  [1m[36m (1.4ms)[0m  [1mCREATE TABLE "contacts" ("id" INTEGER PRIMARY KEY AUTOINCREMENT NOT NULL, "name" varchar(255), "email" varchar(255), "comments" text, "created_at" datetime, "updated_at" datetime) [0m
  [1m[35m (1.3ms)[0m  CREATE TABLE "plans" ("id" INTEGER PRIMARY KEY AUTOINCREMENT NOT NULL, "name" varchar(255), "price" decimal, "created_at" datetime, "updated_at" datetime) 
  [1m[36m (1.2ms)[0m  [1mCREATE TABLE "profiles" ("id" INTEGER PRIMARY KEY AUTOINCREMENT NOT NULL, "user_id" integer, "first_name" varchar(255), "last_name" varchar(255), "job_title" varchar(255), "phone_number" varchar(255), "contact_email" varchar(255), "description" text, "created_at" datetime, "updated_at" datetime, "avatar_file_name" varchar(255), "avatar_content_type" varchar(255), "avatar_file_size" integer, "avatar_updated_at" datetime) [0m
  [1m[35m (1.1ms)[0m  CREATE TABLE "users" ("id" INTEGER PRIMARY KEY AUTOINCREMENT NOT NULL, "email" varchar(255) DEFAULT '' NOT NULL, "encrypted_password" varchar(255) DEFAULT '' NOT NULL, "reset_password_token" varchar(255), "reset_password_sent_at" datetime, "remember_created_at" datetime, "sign_in_count" integer DEFAULT 0 NOT NULL, "current_sign_in_at" datetime, "last_sign_in_at" datetime, "current_sign_in_ip" varchar(255), "last_sign_in_ip" varchar(255), "created_at" datetime, "updated_at" datetime, "plan_id" integer, "stripe_customer_token" varchar(255)) 
  [1m[36m (0.1ms)[0m  [1mselect sqlite_version(*)[0m
  [1m[35m (1.0ms)[0m  CREATE UNIQUE INDEX "index_users_on_email" ON "users" ("email")
  [1m[36m (0.1ms)[0m  [1m            SELECT sql
            FROM sqlite_master
            WHERE name='index_users_on_email' AND type='index'
            UNION ALL
            SELECT sql
            FROM sqlite_temp_master
            WHERE name='index_users_on_email' AND type='index'
[0m
  [1m[35m (0.8ms)[0m  CREATE UNIQUE INDEX "index_users_on_reset_password_token" ON "users" ("reset_password_token")
  [1m[36m (1.1ms)[0m  [1mCREATE TABLE "schema_migrations" ("version" varchar(255) NOT NULL) [0m
  [1m[35m (1.1ms)[0m  CREATE UNIQUE INDEX "unique_schema_migrations" ON "schema_migrations" ("version")
  [1m[36m (0.1ms)[0m  [1mSELECT version FROM "schema_migrations"[0m
  [1m[35m (1.1ms)[0m  INSERT INTO "schema_migrations" (version) VALUES ('20151021232100')
  [1m[36m (1.1ms)[0m  [1mINSERT INTO "schema_migrations" (version) VALUES ('20150929203930')[0m
  [1m[35m (1.1ms)[0m  INSERT INTO "schema_migrations" (version) VALUES ('20151013212527')
  [1m[36m (1.1ms)[0m  [1mINSERT INTO "schema_migrations" (version) VALUES ('20151015183949')[0m
  [1m[35m (1.0ms)[0m  INSERT INTO "schema_migrations" (version) VALUES ('20151015163157')
  [1m[36m (1.2ms)[0m  [1mINSERT INTO "schema_migrations" (version) VALUES ('20151013200507')[0m
  [1m[35m (1.0ms)[0m  INSERT INTO "schema_migrations" (version) VALUES ('20151013215941')
  [1m[36mActiveRecord::SchemaMigration Load (0.1ms)[0m  [1mSELECT "schema_migrations".* FROM "schema_migrations"[0m
  [1m[35m (0.1ms)[0m  begin transaction
  [1m[36mSQL (0.4ms)[0m  [1mINSERT INTO "plans" ("created_at", "name", "price", "updated_at") VALUES (?, ?, ?, ?)[0m  [["created_at", "2020-03-18 22:46:45.998684"], ["name", "basic"], ["price", 0.0], ["updated_at", "2020-03-18 22:46:45.998684"]]
  [1m[35m (0.8ms)[0m  commit transaction
  [1m[36m (0.0ms)[0m  [1mbegin transaction[0m
  [1m[35mSQL (0.2ms)[0m  INSERT INTO "plans" ("created_at", "name", "price", "updated_at") VALUES (?, ?, ?, ?)  [["created_at", "2020-03-18 22:46:46.001140"], ["name", "pro"], ["price", 10.0], ["updated_at", "2020-03-18 22:46:46.001140"]]
  [1m[36m (0.7ms)[0m  [1mcommit transaction[0m


Started GET "/" for 127.0.0.1 at 2020-03-18 18:47:05 -0400
  [1m[36mActiveRecord::SchemaMigration Load (0.1ms)[0m  [1mSELECT "schema_migrations".* FROM "schema_migrations"[0m
Processing by PagesController#home as HTML
  [1m[35mPlan Load (0.3ms)[0m  SELECT  "plans".* FROM "plans"  WHERE "plans"."id" = ? LIMIT 1  [["id", 1]]
  [1m[36mPlan Load (0.1ms)[0m  [1mSELECT  "plans".* FROM "plans"  WHERE "plans"."id" = ? LIMIT 1[0m  [["id", 2]]
  Rendered pages/home.html.erb within layouts/application (18.7ms)
Completed 200 OK in 368ms (Views: 347.5ms | ActiveRecord: 1.2ms)


Started GET "/assets/custom.css?body=1" for 127.0.0.1 at 2020-03-18 18:47:06 -0400


Started GET "/assets/pages.css?body=1" for 127.0.0.1 at 2020-03-18 18:47:06 -0400


Started GET "/assets/users.css?body=1" for 127.0.0.1 at 2020-03-18 18:47:06 -0400


Started GET "/assets/application.css?body=1" for 127.0.0.1 at 2020-03-18 18:47:06 -0400


Started GET "/" for 127.0.0.1 at 2020-03-18 18:47:08 -0400
Processing by PagesController#home as HTML
  [1m[35mPlan Load (0.1ms)[0m  SELECT  "plans".* FROM "plans"  WHERE "plans"."id" = ? LIMIT 1  [["id", 1]]
  [1m[36mPlan Load (0.1ms)[0m  [1mSELECT  "plans".* FROM "plans"  WHERE "plans"."id" = ? LIMIT 1[0m  [["id", 2]]
  Rendered pages/home.html.erb within layouts/application (0.9ms)
Completed 200 OK in 110ms (Views: 108.1ms | ActiveRecord: 0.2ms)


Started GET "/assets/pages.css?body=1" for 127.0.0.1 at 2020-03-18 18:47:08 -0400


Started GET "/assets/users.css?body=1" for 127.0.0.1 at 2020-03-18 18:47:08 -0400


Started GET "/assets/custom.css?body=1" for 127.0.0.1 at 2020-03-18 18:47:08 -0400


Started GET "/assets/application.css?body=1" for 127.0.0.1 at 2020-03-18 18:47:08 -0400


Started GET "/" for 127.0.0.1 at 2020-03-18 19:02:11 -0400
  [1m[36mActiveRecord::SchemaMigration Load (0.1ms)[0m  [1mSELECT "schema_migrations".* FROM "schema_migrations"[0m
Processing by PagesController#home as HTML
  [1m[35mPlan Load (0.2ms)[0m  SELECT  "plans".* FROM "plans"  WHERE "plans"."id" = ? LIMIT 1  [["id", 1]]
  [1m[36mPlan Load (0.1ms)[0m  [1mSELECT  "plans".* FROM "plans"  WHERE "plans"."id" = ? LIMIT 1[0m  [["id", 2]]
  Rendered pages/home.html.erb within layouts/application (25.1ms)
Completed 200 OK in 476ms (Views: 454.6ms | ActiveRecord: 0.6ms)


Started GET "/assets/custom.css?body=1" for 127.0.0.1 at 2020-03-18 19:02:11 -0400


Started GET "/assets/pages.css?body=1" for 127.0.0.1 at 2020-03-18 19:02:12 -0400


Started GET "/assets/users.css?body=1" for 127.0.0.1 at 2020-03-18 19:02:12 -0400


Started GET "/assets/jquery_ujs.js?body=1" for 127.0.0.1 at 2020-03-18 19:02:12 -0400


Started GET "/assets/application.css?body=1" for 127.0.0.1 at 2020-03-18 19:02:12 -0400


Started GET "/assets/jquery.js?body=1" for 127.0.0.1 at 2020-03-18 19:02:12 -0400


Started GET "/assets/bootstrap/affix.js?body=1" for 127.0.0.1 at 2020-03-18 19:02:12 -0400


Started GET "/assets/bootstrap/alert.js?body=1" for 127.0.0.1 at 2020-03-18 19:02:12 -0400


Started GET "/assets/bootstrap/button.js?body=1" for 127.0.0.1 at 2020-03-18 19:02:12 -0400


Started GET "/assets/bootstrap/carousel.js?body=1" for 127.0.0.1 at 2020-03-18 19:02:12 -0400


Started GET "/assets/bootstrap/collapse.js?body=1" for 127.0.0.1 at 2020-03-18 19:02:12 -0400


Started GET "/assets/bootstrap/dropdown.js?body=1" for 127.0.0.1 at 2020-03-18 19:02:12 -0400


Started GET "/assets/bootstrap/tab.js?body=1" for 127.0.0.1 at 2020-03-18 19:02:12 -0400


Started GET "/assets/bootstrap/transition.js?body=1" for 127.0.0.1 at 2020-03-18 19:02:12 -0400


Started GET "/assets/bootstrap/scrollspy.js?body=1" for 127.0.0.1 at 2020-03-18 19:02:12 -0400


Started GET "/assets/bootstrap/modal.js?body=1" for 127.0.0.1 at 2020-03-18 19:02:12 -0400


Started GET "/assets/bootstrap/tooltip.js?body=1" for 127.0.0.1 at 2020-03-18 19:02:12 -0400


Started GET "/assets/bootstrap/popover.js?body=1" for 127.0.0.1 at 2020-03-18 19:02:12 -0400


Started GET "/assets/bootstrap-sprockets.js?body=1" for 127.0.0.1 at 2020-03-18 19:02:12 -0400


Started GET "/assets/pages.js?body=1" for 127.0.0.1 at 2020-03-18 19:02:12 -0400


Started GET "/assets/users.js?body=1" for 127.0.0.1 at 2020-03-18 19:02:12 -0400


Started GET "/assets/application.js?body=1" for 127.0.0.1 at 2020-03-18 19:02:12 -0400


Started GET "/assets/font-awesome/fontawesome-webfont.woff" for 127.0.0.1 at 2020-03-18 19:02:12 -0400
